2024-01-22 02:05:11,063 [ERROR] - Error: Error for sq: 'NoneType' object has no attribute 'to_csv'
2024-01-22 02:08:04,877 [ERROR] - Error: Error for sq: No data returned for ticker sq
2024-01-22 02:16:35,593 [ERROR] - Error: Error for sq: No data returned for ticker sq
2024-01-22 02:16:45,953 [ERROR] - Error: Error for tsla: No data returned for ticker tsla
2024-01-22 02:16:45,953 [ERROR] - Error: Error for tsla: No data returned for ticker tsla
2024-01-22 02:17:00,495 [ERROR] - Error: Error for WMT: No data returned for ticker WMT
2024-01-22 02:17:00,495 [ERROR] - Error: Error for WMT: No data returned for ticker WMT
2024-01-22 02:17:00,495 [ERROR] - Error: Error for WMT: No data returned for ticker WMT
2024-01-22 02:23:26,921 [ERROR] - Error: Error for tsla: No data returned for ticker tsla
2024-01-22 02:27:05,348 [ERROR] - Error: Error for sq: No data returned for ticker sq
2024-01-22 02:27:37,094 [ERROR] - Error: Error for tsla: No data returned for ticker tsla
2024-01-22 02:27:37,094 [ERROR] - Error: Error for tsla: No data returned for ticker tsla
2024-01-22 05:41:53,721 [ERROR] - Error: Error for SQ: No data returned for ticker SQ
2024-01-22 05:43:37,098 [ERROR] - Error: Error for SQ: No data returned for ticker SQ
2024-01-22 05:43:37,098 [ERROR] - Error: Error for SQ: No data returned for ticker SQ
2024-01-22 15:15:03,778 [ERROR] - Error: Error for sq: No data returned for ticker sq
2024-01-22 15:15:19,633 [ERROR] - Error: Error for tsla: No data returned for ticker tsla
2024-01-22 15:15:19,633 [ERROR] - Error: Error for tsla: No data returned for ticker tsla
2024-01-22 15:15:32,163 [ERROR] - Error: Error for A: No data returned for ticker A
2024-01-22 15:15:32,163 [ERROR] - Error: Error for A: No data returned for ticker A
2024-01-22 15:15:32,163 [ERROR] - Error: Error for A: No data returned for ticker A
2024-01-22 15:15:39,926 [ERROR] - Error: Error for A: No data returned for ticker A
2024-01-22 15:15:39,926 [ERROR] - Error: Error for A: No data returned for ticker A
2024-01-22 15:15:39,926 [ERROR] - Error: Error for A: No data returned for ticker A
2024-01-22 15:15:39,926 [ERROR] - Error: Error for A: No data returned for ticker A
2024-01-22 15:15:49,182 [ERROR] - Error: Error for AAPL: No data returned for ticker AAPL
2024-01-22 15:15:49,182 [ERROR] - Error: Error for AAPL: No data returned for ticker AAPL
2024-01-22 15:15:49,182 [ERROR] - Error: Error for AAPL: No data returned for ticker AAPL
2024-01-22 15:15:49,182 [ERROR] - Error: Error for AAPL: No data returned for ticker AAPL
2024-01-22 15:15:49,182 [ERROR] - Error: Error for AAPL: No data returned for ticker AAPL
2024-01-22 15:31:56,708 [ERROR] - Error: Error for F: No data returned for ticker F
2024-01-22 15:35:30,769 [ERROR] - Error: Error for sq: No data returned for ticker sq
2024-01-22 15:35:41,294 [ERROR] - Error: Error for sq: No data returned for ticker sq
2024-01-22 15:35:41,294 [ERROR] - Error: Error for sq: No data returned for ticker sq
2024-01-22 15:38:45,294 [ERROR] - Error: Error for sq: No data returned for ticker sq
2024-01-22 15:57:41,223 [ERROR] - Error: Error for sq: No data returned for ticker sq
2024-01-22 16:07:04,415 [ERROR] - Error: Error for sq: No data returned for ticker sq
2024-01-22 16:09:22,454 [ERROR] - Error: Error for sq: No data returned for ticker sq
2024-01-22 16:48:28,912 [ERROR] - Error: Error for sq: No data returned for ticker sq
2024-01-22 17:02:05,584 [ERROR] - Error: Error for sq: No data returned for ticker sq
2024-01-23 02:19:21,061 [ERROR] - Error: Error for sq: No data returned for ticker sq
2024-01-23 02:19:52,106 [ERROR] - Error: Error for sq: No data returned for ticker sq
2024-01-23 02:19:52,106 [ERROR] - Error: Error for sq: No data returned for ticker sq
2024-01-23 02:34:36,669 [ERROR] - Error: Error for sq: No data returned for ticker sq
2024-01-23 07:56:55,689 [ERROR] - Error: Error for sq: No data returned for ticker sq
2024-01-23 10:41:20,832 [ERROR] - Error: Error for sq: No data returned for ticker sq
2024-01-23 20:11:50,322 [ERROR] - Error: Error for sq: No data returned for ticker sq
2024-01-23 20:18:25,220 [ERROR] - Error: Error for sq: No data returned for ticker sq
2024-01-23 20:25:25,229 [ERROR] - Error: Error for sq: No data returned for ticker sq
2024-01-23 20:46:24,969 [ERROR] - Error: Error for sq: No data returned for ticker sq
2024-01-23 21:03:21,312 [ERROR] - Error: Error for sq: No data returned for ticker sq
2024-01-23 21:04:57,571 [ERROR] - Error: Error for sq: No data returned for ticker sq
2024-01-23 21:58:25,917 [ERROR] - Error: Error for sq: No data returned for ticker sq
